{
  "RSpec": {
    "coverage": {
      "/Users/alishersmac/Documents/module-3/alt-fuel-finder/app/models/user.rb": [
        1,
        1,
        1,
        null,
        1,
        2,
        2,
        null,
        null,
        null,
        null,
        null,
        null,
        null,
        null,
        null,
        2,
        2,
        null,
        null
      ],
      "/Users/alishersmac/Documents/module-3/alt-fuel-finder/app/models/application_record.rb": [
        1,
        1,
        null
      ],
      "/Users/alishersmac/Documents/module-3/alt-fuel-finder/app/controllers/user/dashboard_controller.rb": [
        1,
        1,
        null,
        null,
        null,
        1,
        null,
        null,
        null,
        null,
        null
      ],
      "/Users/alishersmac/Documents/module-3/alt-fuel-finder/app/controllers/application_controller.rb": [
        1,
        1,
        null,
        1,
        null,
        1,
        5,
        null,
        null
      ],
      "/Users/alishersmac/Documents/module-3/alt-fuel-finder/app/controllers/home_controller.rb": [
        1,
        1,
        null,
        null
      ],
      "/Users/alishersmac/Documents/module-3/alt-fuel-finder/app/controllers/sessions_controller.rb": [
        1,
        1,
        1,
        1,
        1,
        null,
        null,
        1,
        0,
        0,
        null,
        null
      ],
      "/Users/alishersmac/Documents/module-3/alt-fuel-finder/app/controllers/api/v1/fuel_stations_controller.rb": [
        1,
        1,
        1,
        null,
        null
      ],
      "/Users/alishersmac/Documents/module-3/alt-fuel-finder/app/services/nrel_service.rb": [
        1,
        1,
        null,
        1,
        2,
        2,
        null,
        null,
        1,
        2,
        20,
        2,
        null,
        null,
        1,
        null,
        1,
        2,
        4,
        null,
        null,
        1,
        25,
        null,
        null,
        1,
        18,
        18,
        18,
        18,
        18,
        18,
        18,
        18,
        null,
        18,
        null,
        null,
        1,
        18,
        null,
        null
      ]
    },
    "timestamp": 1484242640
  }
}
